\BOOKMARK [1][-]{section.1}{Introduction}{}% 1
\BOOKMARK [2][-]{subsection.1.1}{Hypotheses}{section.1}% 2
\BOOKMARK [1][-]{section.2}{Methods}{}% 3
\BOOKMARK [2][-]{subsection.2.1}{Study location}{section.2}% 4
\BOOKMARK [2][-]{subsection.2.2}{Data collection}{section.2}% 5
\BOOKMARK [2][-]{subsection.2.3}{Data analysis}{section.2}% 6
\BOOKMARK [3][-]{subsubsection.2.3.1}{Vegetation clusters}{subsection.2.3}% 7
\BOOKMARK [3][-]{subsubsection.2.3.2}{Structural Equation Modelling}{subsection.2.3}% 8
\BOOKMARK [1][-]{section.3}{Results}{}% 9
\BOOKMARK [2][-]{subsection.3.1}{Structural and species diversity models}{section.3}% 10
\BOOKMARK [2][-]{subsection.3.2}{Variation among vegetation clusters in structural and species diversity effects}{section.3}% 11
\BOOKMARK [3][-]{subsubsection.3.2.1}{Moderation of Diversity-AGB relationship by stem density}{subsection.3.2}% 12
\BOOKMARK [2][-]{subsection.3.3}{Mediation of environmental covariates via diversity}{section.3}% 13
\BOOKMARK [1][-]{section.4}{Discussion}{}% 14
\BOOKMARK [2][-]{subsection.4.1}{Effect of tree species diversity on AGB}{section.4}% 15
\BOOKMARK [2][-]{subsection.4.2}{Structural diversity as a mechanism for the BEFR}{section.4}% 16
\BOOKMARK [2][-]{subsection.4.3}{Effects of moisture availability and soil fertility}{section.4}% 17
\BOOKMARK [2][-]{subsection.4.4}{Vegetation type cluster specific responses}{section.4}% 18
\BOOKMARK [2][-]{subsection.4.5}{Stem density effects}{section.4}% 19
\BOOKMARK [2][-]{subsection.4.6}{Conclusion}{section.4}% 20
