\BOOKMARK [1][-]{section.1}{Acknowledgements}{}% 1
\BOOKMARK [1][-]{section.2}{Biosketch}{}% 2
\BOOKMARK [1][-]{section.3}{Abstract}{}% 3
\BOOKMARK [1][-]{section.4}{Introduction}{}% 4
\BOOKMARK [1][-]{section.5}{Materials and methods}{}% 5
\BOOKMARK [2][-]{subsection.5.1}{Study location}{section.5}% 6
\BOOKMARK [2][-]{subsection.5.2}{Data collection}{section.5}% 7
\BOOKMARK [2][-]{subsection.5.3}{Data analysis}{section.5}% 8
\BOOKMARK [3][-]{subsubsection.5.3.1}{Species diversity and structural diversity metrics}{subsection.5.3}% 9
\BOOKMARK [3][-]{subsubsection.5.3.2}{Vegetation clusters}{subsection.5.3}% 10
\BOOKMARK [3][-]{subsubsection.5.3.3}{Structural Equation Modelling}{subsection.5.3}% 11
\BOOKMARK [1][-]{section.6}{Results}{}% 12
\BOOKMARK [2][-]{subsection.6.1}{Structural and species diversity models}{section.6}% 13
\BOOKMARK [2][-]{subsection.6.2}{Variation among vegetation types}{section.6}% 14
\BOOKMARK [2][-]{subsection.6.3}{Moderation of Diversity-AGB relationship by stem density}{section.6}% 15
\BOOKMARK [2][-]{subsection.6.4}{Environmental covariates and tree diversity}{section.6}% 16
\BOOKMARK [1][-]{section.7}{Discussion}{}% 17
\BOOKMARK [2][-]{subsection.7.1}{Inter-related effects of tree species and structural diversity on AGB}{section.7}% 18
\BOOKMARK [2][-]{subsection.7.2}{Effects of moisture availability and soil fertility}{section.7}% 19
\BOOKMARK [2][-]{subsection.7.3}{Vegetation type specific responses}{section.7}% 20
\BOOKMARK [2][-]{subsection.7.4}{Conclusion}{section.7}% 21
\BOOKMARK [1][-]{appendix.A}{Data accessibility statement}{}% 22
\BOOKMARK [1][-]{appendix.B}{Tables}{}% 23
\BOOKMARK [1][-]{appendix.C}{Figure legends and embedded figures}{}% 24
\BOOKMARK [1][-]{appendix.D}{Appendix 1 - Data cleaning process}{}% 25
\BOOKMARK [1][-]{appendix.E}{Appendix 2 - Estimation of DBH via tree taper}{}% 26
\BOOKMARK [1][-]{appendix.F}{Appendix 3 - Frequency distribution of observed variables}{}% 27
\BOOKMARK [1][-]{appendix.G}{Appendix 4 - Table of correlation fit statistics}{}% 28
